<?xml version="1.0" encoding="UTF-8"?>
<testsuite name="com.telran.tests.LoginTest" tests="1" skipped="0" failures="0" errors="0" timestamp="2021-05-16T20:44:13" hostname="MBP-Taya.lan" time="1.372">
  <properties/>
  <testcase name="loginTest" classname="com.telran.tests.LoginTest" time="1.372"/>
  <system-out><![CDATA[]]></system-out>
  <system-err><![CDATA[Starting ChromeDriver 89.0.4389.23 (61b08ee2c50024bab004e48d2b1b083cdbdac579-refs/branch-heads/4389@{#294}) on port 41126
Only local connections are allowed.
Please see https://chromedriver.chromium.org/security-considerations for suggestions on keeping ChromeDriver safe.
ChromeDriver was started successfully.
[1621197852.586][WARNING]: This version of ChromeDriver has not been tested with Chrome version 90.
May 16, 2021 11:44:12 PM org.openqa.selenium.remote.ProtocolHandshake createSession
INFO: Detected dialect: W3C
]]></system-err>
</testsuite>
