<?xml version="1.0" encoding="UTF-8"?>
<testsuite name="com.telran.tests.AddContactTest" tests="1" skipped="0" failures="0" errors="0" timestamp="2021-01-14T17:23:59" hostname="MacBook-Pro-Taya.local" time="7.23">
  <properties/>
  <testcase name="addContactTestWeb" classname="com.telran.tests.AddContactTest" time="7.23"/>
  <system-out><![CDATA[]]></system-out>
  <system-err><![CDATA[Starting ChromeDriver 87.0.4280.88 (89e2380a3e36c3464b5dd1302349b1382549290d-refs/branch-heads/4280@{#1761}) on port 45814
Only local connections are allowed.
Please see https://chromedriver.chromium.org/security-considerations for suggestions on keeping ChromeDriver safe.
ChromeDriver was started successfully.
Jan 14, 2021 7:23:47 PM org.openqa.selenium.remote.ProtocolHandshake createSession
INFO: Detected dialect: W3C
]]></system-err>
</testsuite>
